<?xml version="1.0" encoding="UTF-8"?>
<!-- Generated by org.testng.reporters.JUnitReportReporter -->
<testsuite hostname="LTIN518453" failures="0" tests="4" name="testRunner.TestRunner" time="131.247" errors="0" timestamp="2024-04-10T10:35:18 IST" skipped="0">
  <testcase classname="testRunner.TestRunner" name="runScenario" time="19.157"/>
  <testcase classname="testRunner.TestRunner" name="runScenario" time="16.914"/>
  <testcase classname="testRunner.TestRunner" name="runScenario" time="52.189"/>
  <testcase classname="testRunner.TestRunner" name="runScenario" time="42.987"/>
</testsuite> <!-- testRunner.TestRunner -->
